Application/build/outputs/logs/manifest-merger-debug-report.txt
-- Merging decision tree log ---
manifest
ADDED from src\main\AndroidManifest.xml:16:1-76:12
	package
		ADDED from src\main\AndroidManifest.xml:17:5-50
	android:versionName
		ADDED from src\main\AndroidManifest.xml:19:5-30
		INJECTED from src\main\AndroidManifest.xml
		INJECTED from src\main\AndroidManifest.xml
	android:versionCode
		ADDED from src\main\AndroidManifest.xml:18:5-28
		INJECTED from src\main\AndroidManifest.xml
		INJECTED from src\main\AndroidManifest.xml
	xmlns:android
		ADDED from src\main\AndroidManifest.xml:16:11-69
uses-feature#android.hardware.bluetooth_le
ADDED from src\main\AndroidManifest.xml:30:5-32:35
	android:required
		ADDED from src\main\AndroidManifest.xml:32:9-32
	android:name
		ADDED from src\main\AndroidManifest.xml:31:9-53
uses-permission#android.permission.BLUETOOTH
ADDED from src\main\AndroidManifest.xml:34:5-68
	android:name
		ADDED from src\main\AndroidManifest.xml:34:22-65
uses-permission#android.permission.BLUETOOTH_ADMIN
ADDED from src\main\AndroidManifest.xml:35:5-74
	android:name
		ADDED from src\main\AndroidManifest.xml:35:22-71
application
ADDED from src\main\AndroidManifest.xml:37:5-74:19
MERGED from [com.android.support:support-v13:24.1.1] AndroidManifest.xml:25:5-20
MERGED from [com.android.support:support-v4:24.1.1] AndroidManifest.xml:25:5-20
MERGED from [com.android.support:cardview-v7:24.1.1] AndroidManifest.xml:22:5-20
MERGED from [com.android.support:appcompat-v7:24.1.1] AndroidManifest.xml:25:5-20
MERGED from [com.android.support:animated-vector-drawable:24.1.1] AndroidManifest.xml:22:5-20
MERGED from [com.android.support:support-vector-drawable:24.1.1] AndroidManifest.xml:23:5-20
	android:label
		ADDED from src\main\AndroidManifest.xml:39:9-41
	android:icon
		ADDED from src\main\AndroidManifest.xml:38:9-45
	android:theme
		ADDED from src\main\AndroidManifest.xml:40:9-56
activity#com.example.android.vortexapp.DeviceScanActivity
ADDED from src\main\AndroidManifest.xml:42:9-45:20
	android:label
		ADDED from src\main\AndroidManifest.xml:44:13-45
	android:name
		ADDED from src\main\AndroidManifest.xml:43:13-76
activity#com.example.android.vortexapp.DeviceControlActivity
ADDED from src\main\AndroidManifest.xml:46:9-48:20
	android:name
		ADDED from src\main\AndroidManifest.xml:47:13-79
service#com.example.android.vortexapp.BluetoothLeService
ADDED from src\main\AndroidManifest.xml:49:9-51:38
	android:enabled
		ADDED from src\main\AndroidManifest.xml:51:13-35
	android:name
		ADDED from src\main\AndroidManifest.xml:50:13-76
activity#com.example.android.vortexapp.MainActivity
ADDED from src\main\AndroidManifest.xml:52:9-60:20
	android:label
		ADDED from src\main\AndroidManifest.xml:54:13-45
	android:name
		ADDED from src\main\AndroidManifest.xml:53:13-70
intent-filter#android.intent.action.MAIN+android.intent.category.LAUNCHER
ADDED from src\main\AndroidManifest.xml:56:13-59:29
action#android.intent.action.MAIN
ADDED from src\main\AndroidManifest.xml:57:17-69
	android:name
		ADDED from src\main\AndroidManifest.xml:57:25-66
category#android.intent.category.LAUNCHER
ADDED from src\main\AndroidManifest.xml:58:17-77
	android:name
		ADDED from src\main\AndroidManifest.xml:58:27-74
activity#com.example.android.vortexapp.DeviceListSPP
ADDED from src\main\AndroidManifest.xml:61:9-65:20
	android:label
		ADDED from src\main\AndroidManifest.xml:63:13-45
	android:name
		ADDED from src\main\AndroidManifest.xml:62:13-71
activity#com.example.android.vortexapp.TrainActivity
ADDED from src\main\AndroidManifest.xml:66:9-69:20
	android:label
		ADDED from src\main\AndroidManifest.xml:68:13-45
	android:name
		ADDED from src\main\AndroidManifest.xml:67:13-71
activity#com.example.android.vortexapp.DeviceScanSPP
ADDED from src\main\AndroidManifest.xml:70:9-73:20
	android:label
		ADDED from src\main\AndroidManifest.xml:72:13-45
	android:name
		ADDED from src\main\AndroidManifest.xml:71:13-71
uses-sdk
INJECTED from src\main\AndroidManifest.xml reason: use-sdk injection requested
MERGED from [com.android.support:support-v13:24.1.1] AndroidManifest.xml:21:5-23:55
MERGED from [com.android.support:support-v4:24.1.1] AndroidManifest.xml:21:5-23:54
MERGED from [com.android.support:cardview-v7:24.1.1] AndroidManifest.xml:20:5-43
MERGED from [com.android.support:appcompat-v7:24.1.1] AndroidManifest.xml:21:5-23:78
MERGED from [com.android.support:animated-vector-drawable:24.1.1] AndroidManifest.xml:20:5-44
MERGED from [com.android.support:support-vector-drawable:24.1.1] AndroidManifest.xml:21:5-43
	tools:overrideLibrary
		ADDED from [com.android.support:support-v13:24.1.1] AndroidManifest.xml:23:9-52
	android:targetSdkVersion
		INJECTED from src\main\AndroidManifest.xml
		INJECTED from src\main\AndroidManifest.xml
	android:minSdkVersion
		INJECTED from src\main\AndroidManifest.xml
		INJECTED from src\main\AndroidManifest.xml